#
# There is insufficient memory for the Java Runtime Environment to continue.
# Native memory allocation (mmap) failed to map 134217728 bytes for Failed to commit area from 0x0000000081c00000 to 0x0000000089c00000 of length 134217728.
# Possible reasons:
#   The system is out of physical RAM or swap space
#   The process is running with CompressedOops enabled, and the Java Heap may be blocking the growth of the native heap
# Possible solutions:
#   Reduce memory load on the system
#   Increase physical memory or swap space
#   Check if swap backing store is full
#   Decrease Java heap size (-Xmx/-Xms)
#   Decrease number of Java threads
#   Decrease Java thread stack sizes (-Xss)
#   Set larger code cache with -XX:ReservedCodeCacheSize=
# This output file may be truncated or incomplete.
#
#  Out of Memory Error (./src/hotspot/os/windows/os_windows.cpp:3387), pid=3940, tid=9392
#
# JRE version:  (11.0.14.1+1) (build )
# Java VM: OpenJDK 64-Bit Server VM (11.0.14.1+1, mixed mode, sharing, tiered, compressed oops, g1 gc, windows-amd64)
# No core dump will be written. Minidumps are not enabled by default on client versions of Windows
#

---------------  S U M M A R Y ------------

Command Line: -Dfile.encoding=UTF-8 

Host: Intel(R) Core(TM) i5-8400 CPU @ 2.80GHz, 6 cores, 7G,  Windows 10 , 64 bit Build 19041 (10.0.19041.3031)
Time: Tue Aug 15 20:42:24 2023 Tocantins Standard Time elapsed time: 0.063412 seconds (0d 0h 0m 0s)

---------------  T H R E A D  ---------------

Current thread (0x00000204e7e01000):  JavaThread "Unknown thread" [_thread_in_vm, id=9392, stack(0x000000138b100000,0x000000138b200000)]

Stack: [0x000000138b100000,0x000000138b200000]
Native frames: (J=compiled Java code, j=interpreted, Vv=VM code, C=native code)
V  [jvm.dll+0x61e59a]
V  [jvm.dll+0x7aaca9]
V  [jvm.dll+0x7ac398]
V  [jvm.dll+0x7aca73]
V  [jvm.dll+0x24f9b8]
V  [jvm.dll+0x61b83a]
V  [jvm.dll+0x6100c5]
V  [jvm.dll+0x30772c]
V  [jvm.dll+0x3075b2]
V  [jvm.dll+0x30c2d6]
V  [jvm.dll+0x35272f]
V  [jvm.dll+0x352160]
V  [jvm.dll+0x2e4728]
V  [jvm.dll+0x2e5886]
V  [jvm.dll+0x784b07]
V  [jvm.dll+0x78628f]
V  [jvm.dll+0x35f479]
V  [jvm.dll+0x767aa0]
V  [jvm.dll+0x3ccf1f]
V  [jvm.dll+0x3cf2b1]
C  [jli.dll+0x5207]
C  [ucrtbase.dll+0x21bb2]
C  [KERNEL32.DLL+0x17614]
C  [ntdll.dll+0x526f1]


---------------  P R O C E S S  ---------------

Threads class SMR info:
_java_thread_list=0x00000204e5cc4820, length=0, elements={
}

Java Threads: ( => current thread )

Other Threads:
  0x00000204e7e1a000 GCTaskThread "GC Thread#0" [stack: 0x000000138b200000,0x000000138b300000] [id=4556]
  0x00000204e7e4a800 ConcurrentGCThread "G1 Main Marker" [stack: 0x000000138b300000,0x000000138b400000] [id=2936]
  0x00000204e7e4c000 ConcurrentGCThread "G1 Conc#0" [stack: 0x000000138b400000,0x000000138b500000] [id=10360]

[error occurred during error reporting (printing all threads), id 0xc0000005, EXCEPTION_ACCESS_VIOLATION (0xc0000005) at pc=0x00007ffad17d3ef7]

VM state:not at safepoint (not fully initialized)

VM Mutex/Monitor currently owned by a thread:  ([mutex/lock_event])
[0x00000204e7dfe4b0] Heap_lock - owner thread: 0x00000204e7e01000

Heap address: 0x0000000081c00000, size: 2020 MB, Compressed Oops mode: Non-zero based: 0x0000000081c00000
Narrow klass base: 0x0000000000000000, Narrow klass shift: 0

GC Heap History (0 events):
No events

Deoptimization events (0 events):
No events

Classes redefined (0 events):
No events

Internal exceptions (0 events):
No events

Events (1 events):
Event: 0.039 Loaded shared library C:\Program Files\Unity\Hub\Editor\2022.3.2f1\Editor\Data\PlaybackEngines\AndroidPlayer\OpenJDK\bin\zip.dll


Dynamic libraries:
0x00007ff68c6d0000 - 0x00007ff68c6dd000 	C:\Program Files\Unity\Hub\Editor\2022.3.2f1\Editor\Data\PlaybackEngines\AndroidPlayer\OpenJDK\bin\java.exe
0x00007ffba2410000 - 0x00007ffba2608000 	C:\windows\SYSTEM32\ntdll.dll
0x00007ffba13b0000 - 0x00007ffba146f000 	C:\windows\System32\KERNEL32.DLL
0x00007ffb9faf0000 - 0x00007ffb9fde6000 	C:\windows\System32\KERNELBASE.dll
0x00007ffb9ff90000 - 0x00007ffba0090000 	C:\windows\System32\ucrtbase.dll
0x00007ffb9abb0000 - 0x00007ffb9abc7000 	C:\Program Files\Unity\Hub\Editor\2022.3.2f1\Editor\Data\PlaybackEngines\AndroidPlayer\OpenJDK\bin\jli.dll
0x00007ffba06b0000 - 0x00007ffba084d000 	C:\windows\System32\USER32.dll
0x00007ffb9fdf0000 - 0x00007ffb9fe12000 	C:\windows\System32\win32u.dll
0x00007ffb87410000 - 0x00007ffb876aa000 	C:\windows\WinSxS\amd64_microsoft.windows.common-controls_6595b64144ccf1df_6.0.19041.1110_none_60b5254171f9507e\COMCTL32.dll
0x00007ffba1470000 - 0x00007ffba149c000 	C:\windows\System32\GDI32.dll
0x00007ffba0bb0000 - 0x00007ffba0c4e000 	C:\windows\System32\msvcrt.dll
0x00007ffb8a4d0000 - 0x00007ffb8a4e5000 	C:\Program Files\Unity\Hub\Editor\2022.3.2f1\Editor\Data\PlaybackEngines\AndroidPlayer\OpenJDK\bin\VCRUNTIME140.dll
0x00007ffba0090000 - 0x00007ffba01a5000 	C:\windows\System32\gdi32full.dll
0x00007ffba03a0000 - 0x00007ffba043d000 	C:\windows\System32\msvcp_win.dll
0x00007ffba0680000 - 0x00007ffba06b0000 	C:\windows\System32\IMM32.DLL
0x00007ffb6d540000 - 0x00007ffb6d5db000 	C:\Program Files\Unity\Hub\Editor\2022.3.2f1\Editor\Data\PlaybackEngines\AndroidPlayer\OpenJDK\bin\msvcp140.dll
0x00007ffad14e0000 - 0x00007ffad2061000 	C:\Program Files\Unity\Hub\Editor\2022.3.2f1\Editor\Data\PlaybackEngines\AndroidPlayer\OpenJDK\bin\server\jvm.dll
0x00007ffba1f50000 - 0x00007ffba1fff000 	C:\windows\System32\ADVAPI32.dll
0x00007ffba2330000 - 0x00007ffba23cc000 	C:\windows\System32\sechost.dll
0x00007ffba1c90000 - 0x00007ffba1db6000 	C:\windows\System32\RPCRT4.dll
0x00007ffba2230000 - 0x00007ffba2238000 	C:\windows\System32\PSAPI.DLL
0x00007ffb8d650000 - 0x00007ffb8d677000 	C:\windows\SYSTEM32\WINMM.dll
0x00007ffb98dd0000 - 0x00007ffb98dda000 	C:\windows\SYSTEM32\VERSION.dll
0x00007ffb892e0000 - 0x00007ffb892e9000 	C:\windows\SYSTEM32\WSOCK32.dll
0x00007ffba14a0000 - 0x00007ffba150b000 	C:\windows\System32\WS2_32.dll
0x00007ffb9d7a0000 - 0x00007ffb9d7b2000 	C:\windows\SYSTEM32\kernel.appcore.dll
0x00007ffb9aba0000 - 0x00007ffb9abb0000 	C:\Program Files\Unity\Hub\Editor\2022.3.2f1\Editor\Data\PlaybackEngines\AndroidPlayer\OpenJDK\bin\verify.dll
0x00007ffb83a80000 - 0x00007ffb83c64000 	C:\windows\SYSTEM32\DBGHELP.DLL
0x00007ffb86c40000 - 0x00007ffb86c74000 	C:\windows\SYSTEM32\dbgcore.DLL
0x00007ffba0310000 - 0x00007ffba0392000 	C:\windows\System32\bcryptPrimitives.dll
0x00007ffb7c100000 - 0x00007ffb7c128000 	C:\Program Files\Unity\Hub\Editor\2022.3.2f1\Editor\Data\PlaybackEngines\AndroidPlayer\OpenJDK\bin\java.dll
0x00007ffb8a3e0000 - 0x00007ffb8a3ea000 	C:\Program Files\Unity\Hub\Editor\2022.3.2f1\Editor\Data\PlaybackEngines\AndroidPlayer\OpenJDK\bin\jimage.dll
0x00007ffb89a40000 - 0x00007ffb89a58000 	C:\Program Files\Unity\Hub\Editor\2022.3.2f1\Editor\Data\PlaybackEngines\AndroidPlayer\OpenJDK\bin\zip.dll

dbghelp: loaded successfully - version: 4.0.5 - missing functions: none
symbol engine: initialized successfully - sym options: 0x614 - pdb path: .;C:\Program Files\Unity\Hub\Editor\2022.3.2f1\Editor\Data\PlaybackEngines\AndroidPlayer\OpenJDK\bin;C:\windows\SYSTEM32;C:\windows\WinSxS\amd64_microsoft.windows.common-controls_6595b64144ccf1df_6.0.19041.1110_none_60b5254171f9507e;C:\Program Files\Unity\Hub\Editor\2022.3.2f1\Editor\Data\PlaybackEngines\AndroidPlayer\OpenJDK\bin\server

VM Arguments:
jvm_args: -Dfile.encoding=UTF-8 
java_command: <unknown>
java_class_path (initial): <not set>
Launcher Type: SUN_STANDARD

[Global flags]
     intx CICompilerCount                          = 3                                         {product} {ergonomic}
     uint ConcGCThreads                            = 2                                         {product} {ergonomic}
     uint G1ConcRefinementThreads                  = 6                                         {product} {ergonomic}
   size_t G1HeapRegionSize                         = 1048576                                   {product} {ergonomic}
    uintx GCDrainStackTargetSize                   = 64                                        {product} {ergonomic}
   size_t InitialHeapSize                          = 134217728                                 {product} {ergonomic}
   size_t MarkStackSize                            = 4194304                                   {product} {ergonomic}
   size_t MaxHeapSize                              = 2118123520                                {product} {ergonomic}
   size_t MinHeapDeltaBytes                        = 1048576                                   {product} {ergonomic}
    uintx NonNMethodCodeHeapSize                   = 5830732                                {pd product} {ergonomic}
    uintx NonProfiledCodeHeapSize                  = 122913754                              {pd product} {ergonomic}
    uintx ProfiledCodeHeapSize                     = 122913754                              {pd product} {ergonomic}
    uintx ReservedCodeCacheSize                    = 251658240                              {pd product} {ergonomic}
     bool SegmentedCodeCache                       = true                                      {product} {ergonomic}
     bool UseCompressedClassPointers               = true                                 {lp64_product} {ergonomic}
     bool UseCompressedOops                        = true                                 {lp64_product} {ergonomic}
     bool UseG1GC                                  = true                                      {product} {ergonomic}
     bool UseLargePagesIndividualAllocation        = false                                  {pd product} {ergonomic}

Logging:
Log output configuration:
 #0: stdout all=warning uptime,level,tags
 #1: stderr all=off uptime,level,tags

Environment Variables:
JAVA_HOME=C:\Program Files\Java\jdk-11
JAVA_TOOL_OPTIONS=-Dfile.encoding=UTF-8
PATH=C:\Program Files (x86)\VMware\VMware Workstation\bin\;C:\Program Files (x86)\NVIDIA Corporation\PhysX\Common;C:\Program Files (x86)\Common Files\Intel\Shared Libraries\redist\intel64\compiler;C:\Program Files\Python38\Scripts\;C:\Program Files\Python38\;C:\Program Files\Microsoft MPI\Bin\;C:\Program Files\Common Files\Oracle\Java\javapath;C:\Python311\Scripts\;C:\Python311\;C:\Program Files (x86)\Common Files\Oracle\Java\javapath;C:\windows\system32;C:\windows;C:\windows\System32\Wbem;C:\windows\System32\WindowsPowerShell\v1.0\;C:\windows\System32\OpenSSH\;C:\Program Files\Microsoft VS Code\bin;C:\Program Files\Amazon\AWSCLIV2\;C:\Program Files\nodejs\;C:\ProgramData\chocolatey\bin;C:\OpenSource\php-8.2.7-Win32-vs16-x64;C:\composer;C:\Program Files\Docker\Docker\resources\bin;C:\Program Files\Git\cmd;C:\Program Files\Inkscape\bin;C:\Program Files\dotnet\;C:\Program Files\Common Files\Autodesk Shared\;C:\Program Files (x86)\Microsoft SQL Server\160\Tools\Binn\;C:\Program Files\Microsoft SQL Server\160\Tools\Binn\;C:\Program Files\Microsoft SQL Server\Client SDK\ODBC\170\Tools\Binn\;C:\Program Files\Microsoft SQL Server\160\DTS\Binn\;C:\Program Files (x86)\Microsoft SQL Server\160\DTS\Binn\;C:\Program Files\Azure Data Studio\bin;C:\Program Files (x86)\Microchip\MPLAB C32 Suite\bin;C:\Program Files\PuTTY\;C:\HashiCorp\Vagrant\bin;C:\Program Files\Microsoft SQL Server\150\Tools\Binn\;C:\OpenSource\flutter\bin;C:\OpenSource\gradle-8.1.1-bin\gradle-8.1.1\bin;C:\OpenSource\kafka_2.13-3.4.0\bin;C:\OpenSource\DataCleaner-5.8.1\DataCleaner;C:\Program Files\Rancher Desktop\resources\resources\win32\bin\;C:\Program Files\Rancher Desktop\resources\resources\linux\bin\;C:\Program Files (x86)\Windows Kits\8.1\Windows Performance Toolkit\;C:\Program Files\MySQL\MySQL Shell 8.0\bin\;C:\Users\logonpflocal\AppData\Local\Microsoft\WindowsApps;C:\Users\logonpflocal\AppData\Roaming\npm;C:\Users\logonpflocal\AppData\Roaming\Composer\vendor\bin;C:\Users\logonpflocal\AppData\Local\GitHubD
USERNAME=logonpflocal
OS=Windows_NT
PROCESSOR_IDENTIFIER=Intel64 Family 6 Model 158 Stepping 10, GenuineIntel



---------------  S Y S T E M  ---------------

OS: Windows 10 , 64 bit Build 19041 (10.0.19041.3031)
OS uptime: 0 days 6:10 hours
Hyper-V role detected

CPU:total 6 (initial active 6) (6 cores per cpu, 1 threads per core) family 6 model 158 stepping 10 microcode 0xb4, cmov, cx8, fxsr, mmx, sse, sse2, sse3, ssse3, sse4.1, sse4.2, popcnt, avx, avx2, aes, clmul, erms, 3dnowpref, lzcnt, tsc, tscinvbit, bmi1, bmi2, adx, fma

Memory: 4k page, system-wide physical 8076M (431M free)
TotalPageFile size 9356M (AvailPageFile size 6M)
current process WorkingSet (physical memory assigned to process): 10M, peak: 10M
current process commit charge ("private bytes"): 56M, peak: 184M

vm_info: OpenJDK 64-Bit Server VM (11.0.14.1+1) for windows-amd64 JRE (11.0.14.1+1), built on Feb  9 2022 01:48:27 by "" with unknown MS VC++:1916

END.
